TN:
SF:src\hacknet\app\daemon.ts
FN:1,(empty-report)
FNF:1
FNH:0
FNDA:0,(empty-report)
DA:1,0
LF:1
LH:0
BRDA:1,0,0,0
BRF:1
BRH:0
end_of_record
TN:
SF:src\hacknet\domain\entities\node-builder.ts
FN:11,<instance_members_initializer>
FN:14,NodeBuilder
FN:18,setLevel
FN:23,setRam
FN:28,setCores
FN:33,setProductionRate
FN:38,setTotalProduction
FN:43,build
FNF:8
FNH:2
FNDA:1,<instance_members_initializer>
FNDA:1,NodeBuilder
FNDA:0,setLevel
FNDA:0,setRam
FNDA:0,setCores
FNDA:0,setProductionRate
FNDA:0,setTotalProduction
FNDA:0,build
DA:1,1
DA:2,1
DA:3,1
DA:4,1
DA:5,1
DA:6,1
DA:7,1
DA:8,1
DA:9,1
DA:10,1
DA:11,1
DA:12,1
DA:13,1
DA:14,1
DA:15,1
DA:16,1
DA:17,1
DA:18,1
DA:19,0
DA:20,0
DA:21,0
DA:22,1
DA:23,1
DA:24,0
DA:25,0
DA:26,0
DA:27,1
DA:28,1
DA:29,0
DA:30,0
DA:31,0
DA:32,1
DA:33,1
DA:34,0
DA:35,0
DA:36,0
DA:37,1
DA:38,1
DA:39,0
DA:40,0
DA:41,0
DA:42,1
DA:43,1
DA:44,0
DA:45,0
DA:46,1
LF:46
LH:29
BRDA:11,0,0,1
BRDA:14,1,0,1
BRF:2
BRH:2
end_of_record
TN:
SF:src\hacknet\domain\entities\node.ts
FN:10,<instance_members_initializer>
FN:17,Node
FN:22,update
FN:31,upgrade
FNF:4
FNH:2
FNDA:1,<instance_members_initializer>
FNDA:1,Node
FNDA:0,update
FNDA:0,upgrade
DA:1,1
DA:2,1
DA:3,1
DA:4,1
DA:5,1
DA:6,1
DA:7,1
DA:8,1
DA:9,1
DA:10,1
DA:11,1
DA:12,1
DA:13,1
DA:14,1
DA:15,1
DA:16,1
DA:17,1
DA:18,1
DA:19,1
DA:20,1
DA:21,1
DA:22,1
DA:23,0
DA:24,0
DA:25,0
DA:26,0
DA:27,0
DA:28,0
DA:29,0
DA:30,1
DA:31,1
DA:32,0
DA:33,0
DA:34,0
DA:35,1
LF:35
LH:25
BRDA:10,0,0,1
BRDA:17,1,0,1
BRF:2
BRH:2
end_of_record
TN:
SF:src\hacknet\domain\entities\value-objects\cash.ts
FN:1,<instance_members_initializer>
FN:4,Cash
FN:11,add
FN:15,substract
FN:20,get value
FNF:5
FNH:5
FNDA:33,<instance_members_initializer>
FNDA:33,Cash
FNDA:2,add
FNDA:3,substract
FNDA:14,get value
DA:1,33
DA:2,33
DA:3,33
DA:4,33
DA:5,33
DA:6,1
DA:7,1
DA:8,32
DA:9,32
DA:10,33
DA:11,33
DA:12,2
DA:13,2
DA:14,33
DA:15,33
DA:16,3
DA:17,3
DA:18,3
DA:19,33
DA:20,33
DA:21,14
DA:22,14
DA:23,33
LF:23
LH:23
BRDA:1,0,0,33
BRDA:4,1,0,33
BRDA:5,2,0,1
BRDA:8,3,0,32
BRDA:11,4,0,2
BRDA:15,5,0,3
BRDA:20,6,0,14
BRF:7
BRH:7
end_of_record
TN:
SF:src\hacknet\domain\entities\value-objects\cores-qty.ts
FN:1,<instance_members_initializer>
FN:8,CoresQty
FN:21,add
FN:25,get value
FNF:4
FNH:4
FNDA:15,<instance_members_initializer>
FNDA:15,CoresQty
FNDA:1,add
FNDA:4,get value
DA:1,15
DA:2,15
DA:3,15
DA:4,15
DA:5,15
DA:6,15
DA:7,15
DA:8,15
DA:9,15
DA:10,2
DA:11,2
DA:12,15
DA:13,1
DA:14,1
DA:15,15
DA:16,1
DA:17,1
DA:18,11
DA:19,11
DA:20,15
DA:21,15
DA:22,1
DA:23,1
DA:24,15
DA:25,15
DA:26,4
DA:27,4
DA:28,15
LF:28
LH:28
BRDA:1,0,0,15
BRDA:8,1,0,15
BRDA:9,2,0,2
BRDA:12,3,0,13
BRDA:12,4,0,1
BRDA:15,5,0,12
BRDA:15,6,0,1
BRDA:18,7,0,11
BRDA:21,8,0,1
BRDA:25,9,0,4
BRF:10
BRH:10
end_of_record
TN:
SF:src\hacknet\domain\entities\value-objects\cores.ts
FN:12,Cores
FN:17,<static_initializer>
FN:17,<instance_members_initializer>
FN:22,withActualQty
FN:27,withUpgradeCost
FN:32,build
FNF:6
FNH:6
FNDA:3,Cores
FNDA:2,<static_initializer>
FNDA:3,<instance_members_initializer>
FNDA:3,withActualQty
FNDA:2,withUpgradeCost
FNDA:3,build
DA:1,1
DA:2,1
DA:3,1
DA:4,1
DA:5,1
DA:6,1
DA:7,1
DA:8,1
DA:9,1
DA:10,1
DA:11,1
DA:12,1
DA:13,3
DA:14,3
DA:15,3
DA:16,1
DA:17,1
DA:18,3
DA:19,3
DA:20,3
DA:21,3
DA:22,3
DA:23,3
DA:24,3
DA:25,3
DA:26,3
DA:27,3
DA:28,2
DA:29,2
DA:30,2
DA:31,3
DA:32,3
DA:33,3
DA:34,3
DA:35,3
DA:36,1
LF:36
LH:36
BRDA:12,0,0,3
BRDA:17,1,0,2
BRDA:17,2,0,3
BRDA:22,3,0,3
BRDA:27,4,0,2
BRDA:32,5,0,3
BRF:6
BRH:6
end_of_record
TN:
SF:src\hacknet\domain\entities\value-objects\id.ts
FN:1,<instance_members_initializer>
FN:4,Id
FN:11,get value
FNF:3
FNH:3
FNDA:5,<instance_members_initializer>
FNDA:5,Id
FNDA:2,get value
DA:1,5
DA:2,5
DA:3,5
DA:4,5
DA:5,5
DA:6,2
DA:7,2
DA:8,3
DA:9,3
DA:10,5
DA:11,5
DA:12,2
DA:13,2
DA:14,5
LF:14
LH:14
BRDA:1,0,0,5
BRDA:4,1,0,5
BRDA:5,2,0,4
BRDA:5,3,0,3
BRDA:5,4,0,2
BRDA:11,5,0,2
BRF:6
BRH:6
end_of_record
TN:
SF:src\hacknet\domain\entities\value-objects\level-qty.ts
FN:1,<instance_members_initializer>
FN:8,LevelQty
FN:21,add
FN:25,get value
FNF:4
FNH:4
FNDA:15,<instance_members_initializer>
FNDA:15,LevelQty
FNDA:1,add
FNDA:4,get value
DA:1,15
DA:2,15
DA:3,15
DA:4,15
DA:5,15
DA:6,15
DA:7,15
DA:8,15
DA:9,15
DA:10,2
DA:11,2
DA:12,15
DA:13,1
DA:14,1
DA:15,15
DA:16,1
DA:17,1
DA:18,11
DA:19,11
DA:20,15
DA:21,15
DA:22,1
DA:23,1
DA:24,15
DA:25,15
DA:26,4
DA:27,4
DA:28,15
LF:28
LH:28
BRDA:1,0,0,15
BRDA:8,1,0,15
BRDA:9,2,0,2
BRDA:12,3,0,13
BRDA:12,4,0,1
BRDA:15,5,0,12
BRDA:15,6,0,1
BRDA:18,7,0,11
BRDA:21,8,0,1
BRDA:25,9,0,4
BRF:10
BRH:10
end_of_record
TN:
SF:src\hacknet\domain\entities\value-objects\level.ts
FN:12,Level
FN:17,<static_initializer>
FN:17,<instance_members_initializer>
FN:22,withActualQty
FN:27,withUpgradeCost
FN:32,build
FNF:6
FNH:6
FNDA:3,Level
FNDA:2,<static_initializer>
FNDA:3,<instance_members_initializer>
FNDA:3,withActualQty
FNDA:2,withUpgradeCost
FNDA:3,build
DA:1,1
DA:2,1
DA:3,1
DA:4,1
DA:5,1
DA:6,1
DA:7,1
DA:8,1
DA:9,1
DA:10,1
DA:11,1
DA:12,1
DA:13,3
DA:14,3
DA:15,3
DA:16,1
DA:17,1
DA:18,3
DA:19,3
DA:20,3
DA:21,3
DA:22,3
DA:23,3
DA:24,3
DA:25,3
DA:26,3
DA:27,3
DA:28,2
DA:29,2
DA:30,2
DA:31,3
DA:32,3
DA:33,3
DA:34,3
DA:35,3
DA:36,1
LF:36
LH:36
BRDA:12,0,0,3
BRDA:17,1,0,2
BRDA:17,2,0,3
BRDA:22,3,0,3
BRDA:27,4,0,2
BRDA:32,5,0,3
BRF:6
BRH:6
end_of_record
TN:
SF:src\hacknet\domain\entities\value-objects\ram-qty.ts
FN:1,<instance_members_initializer>
FN:6,RamQty
FN:13,add
FN:17,get value
FNF:4
FNH:4
FNDA:27,<instance_members_initializer>
FNDA:27,RamQty
FNDA:1,add
FNDA:10,get value
DA:1,27
DA:2,27
DA:3,27
DA:4,27
DA:5,27
DA:6,27
DA:7,27
DA:8,10
DA:9,10
DA:10,17
DA:11,17
DA:12,27
DA:13,27
DA:14,1
DA:15,1
DA:16,27
DA:17,27
DA:18,10
DA:19,10
DA:20,27
LF:20
LH:20
BRDA:1,0,0,27
BRDA:6,1,0,27
BRDA:7,2,0,10
BRDA:10,3,0,17
BRDA:13,4,0,1
BRDA:17,5,0,10
BRF:6
BRH:6
end_of_record
TN:
SF:src\hacknet\domain\entities\value-objects\ram.ts
FN:12,Ram
FN:17,<static_initializer>
FN:17,<instance_members_initializer>
FN:22,withActualQty
FN:27,withUpgradeCost
FN:32,build
FNF:6
FNH:6
FNDA:2,Ram
FNDA:2,<static_initializer>
FNDA:3,<instance_members_initializer>
FNDA:3,withActualQty
FNDA:1,withUpgradeCost
FNDA:2,build
DA:1,1
DA:2,1
DA:3,1
DA:4,1
DA:5,1
DA:6,1
DA:7,1
DA:8,1
DA:9,1
DA:10,1
DA:11,1
DA:12,1
DA:13,2
DA:14,2
DA:15,2
DA:16,1
DA:17,1
DA:18,3
DA:19,3
DA:20,3
DA:21,3
DA:22,3
DA:23,3
DA:24,3
DA:25,3
DA:26,3
DA:27,3
DA:28,1
DA:29,1
DA:30,1
DA:31,3
DA:32,3
DA:33,2
DA:34,2
DA:35,3
DA:36,1
LF:36
LH:36
BRDA:12,0,0,2
BRDA:17,1,0,2
BRDA:17,2,0,3
BRDA:22,3,0,3
BRDA:27,4,0,1
BRDA:32,5,0,2
BRF:6
BRH:6
end_of_record
TN:
SF:src\hacknet\domain\entities\value-objects\yield.ts
FN:1,<instance_members_initializer>
FN:4,Yield
FN:11,add
FN:15,get value
FNF:4
FNH:4
FNDA:10,<instance_members_initializer>
FNDA:10,Yield
FNDA:2,add
FNDA:6,get value
DA:1,10
DA:2,10
DA:3,10
DA:4,10
DA:5,10
DA:6,1
DA:7,1
DA:8,9
DA:9,9
DA:10,10
DA:11,10
DA:12,2
DA:13,2
DA:14,10
DA:15,10
DA:16,6
DA:17,6
DA:18,10
LF:18
LH:18
BRDA:1,0,0,10
BRDA:4,1,0,10
BRDA:5,2,0,1
BRDA:8,3,0,9
BRDA:11,4,0,2
BRDA:15,5,0,6
BRF:6
BRH:6
end_of_record
TN:
SF:src\hacknet\domain\use-cases\manager.ts
FN:1,(empty-report)
FNF:1
FNH:0
FNDA:0,(empty-report)
DA:1,0
DA:2,0
DA:3,0
DA:4,0
DA:5,0
DA:6,0
DA:7,0
DA:8,0
DA:9,0
DA:10,0
DA:11,0
DA:12,0
DA:13,0
DA:14,0
DA:15,0
DA:16,0
DA:17,0
DA:18,0
DA:19,0
DA:20,0
DA:21,0
DA:22,0
DA:23,0
DA:24,0
DA:25,0
DA:26,0
DA:27,0
DA:28,0
DA:29,0
DA:30,0
DA:31,0
DA:32,0
DA:33,0
DA:34,0
DA:35,0
DA:36,0
DA:37,0
DA:38,0
DA:39,0
LF:39
LH:0
BRDA:1,0,0,0
BRF:1
BRH:0
end_of_record
TN:
SF:src\hacknet\domain\use-cases\network-updater.ts
FN:1,(empty-report)
FNF:1
FNH:0
FNDA:0,(empty-report)
DA:1,0
DA:2,0
DA:3,0
DA:4,0
DA:5,0
DA:6,0
DA:7,0
DA:8,0
DA:9,0
DA:10,0
DA:11,0
DA:12,0
DA:13,0
DA:14,0
DA:15,0
DA:16,0
DA:17,0
DA:18,0
DA:19,0
DA:20,0
DA:21,0
DA:22,0
DA:23,0
DA:24,0
DA:25,0
DA:26,0
DA:27,0
DA:28,0
DA:29,0
DA:30,0
DA:31,0
DA:32,0
DA:33,0
DA:34,0
DA:35,0
DA:36,0
DA:37,0
DA:38,0
LF:38
LH:0
BRDA:1,0,0,0
BRF:1
BRH:0
end_of_record
TN:
SF:src\hacknet\domain\use-cases\node-updater.ts
FN:1,(empty-report)
FNF:1
FNH:0
FNDA:0,(empty-report)
DA:1,0
DA:2,0
DA:3,0
DA:4,0
DA:5,0
DA:6,0
DA:7,0
DA:8,0
DA:9,0
DA:10,0
DA:11,0
DA:12,0
DA:13,0
DA:14,0
DA:15,0
DA:16,0
DA:17,0
DA:18,0
DA:19,0
DA:20,0
DA:21,0
DA:22,0
DA:23,0
DA:24,0
DA:25,0
DA:26,0
DA:27,0
DA:28,0
DA:29,0
DA:30,0
DA:31,0
DA:32,0
DA:33,0
DA:34,0
DA:35,0
DA:36,0
DA:37,0
DA:38,0
DA:39,0
DA:40,0
DA:41,0
DA:42,0
DA:43,0
DA:44,0
DA:45,0
DA:46,0
LF:46
LH:0
BRDA:1,0,0,0
BRF:1
BRH:0
end_of_record
TN:
SF:src\hacknet\infra\driven-side\node-adapter.ts
FN:1,(empty-report)
FNF:1
FNH:0
FNDA:0,(empty-report)
DA:1,0
DA:2,0
DA:3,0
DA:4,0
DA:5,0
DA:6,0
DA:7,0
DA:8,0
DA:9,0
DA:10,0
DA:11,0
DA:12,0
DA:13,0
DA:14,0
DA:15,0
DA:16,0
DA:17,0
DA:18,0
DA:19,0
DA:20,0
DA:21,0
DA:22,0
DA:23,0
DA:24,0
DA:25,0
DA:26,0
DA:27,0
DA:28,0
DA:29,0
DA:30,0
DA:31,0
DA:32,0
DA:33,0
DA:34,0
DA:35,0
DA:36,0
DA:37,0
DA:38,0
DA:39,0
DA:40,0
DA:41,0
DA:42,0
DA:43,0
DA:44,0
DA:45,0
DA:46,0
DA:47,0
DA:48,0
DA:49,0
DA:50,0
DA:51,0
DA:52,0
DA:53,0
DA:54,0
DA:55,0
DA:56,0
DA:57,0
DA:58,0
DA:59,0
DA:60,0
DA:61,0
DA:62,0
DA:63,0
DA:64,0
DA:65,0
DA:66,0
DA:67,0
DA:68,0
DA:69,0
DA:70,0
DA:71,0
DA:72,0
DA:73,0
DA:74,0
DA:75,0
DA:76,0
DA:77,0
DA:78,0
DA:79,0
DA:80,0
DA:81,0
DA:82,0
DA:83,0
DA:84,0
DA:85,0
DA:86,0
DA:87,0
DA:88,0
DA:89,0
DA:90,0
DA:91,0
DA:92,0
DA:93,0
DA:94,0
DA:95,0
DA:96,0
DA:97,0
DA:98,0
DA:99,0
DA:100,0
DA:101,0
DA:102,0
DA:103,0
DA:104,0
DA:105,0
DA:106,0
DA:107,0
DA:108,0
DA:109,0
DA:110,0
DA:111,0
LF:111
LH:0
BRDA:1,0,0,0
BRF:1
BRH:0
end_of_record
TN:
SF:src\utils\maths.ts
FN:1,isPowerofTwo
FNF:1
FNH:1
FNDA:8,isPowerofTwo
DA:1,8
DA:2,8
DA:3,8
DA:4,8
DA:5,8
DA:6,8
DA:7,8
DA:8,8
DA:9,8
DA:10,8
DA:11,8
DA:12,8
DA:13,8
LF:13
LH:13
BRDA:1,0,0,8
BRDA:12,1,0,7
BRF:2
BRH:2
end_of_record
